0 info it worked if it ends with ok
1 verbose cli [ 'D:\\Programs\\nodejs\\node.exe',
1 verbose cli   'D:\\Programs\\nodejs\\node_modules\\npm\\bin\\npm-cli.js',
1 verbose cli   'publish' ]
2 info using npm@3.9.3
3 info using node@v6.2.1
4 verbose publish [ '.' ]
5 silly cache add args [ '.', null ]
6 verbose cache add spec .
7 silly cache add parsed spec Result {
7 silly cache add   raw: '.',
7 silly cache add   scope: null,
7 silly cache add   name: null,
7 silly cache add   rawSpec: '.',
7 silly cache add   spec: 'C:\\Users\\Drake\\Documents\\Projects\\bespoke-theme-sea',
7 silly cache add   type: 'directory' }
8 verbose addLocalDirectory C:\Users\Drake\AppData\Roaming\npm-cache\bespoke-theme-sea\0.1.0\package.tgz not in flight; packing
9 verbose correctMkdir C:\Users\Drake\AppData\Roaming\npm-cache correctMkdir not in flight; initializing
10 info lifecycle bespoke-theme-sea@0.1.0~prepublish: bespoke-theme-sea@0.1.0
11 silly lifecycle bespoke-theme-sea@0.1.0~prepublish: no script for prepublish, continuing
12 verbose tar pack [ 'C:\\Users\\Drake\\AppData\\Roaming\\npm-cache\\bespoke-theme-sea\\0.1.0\\package.tgz',
12 verbose tar pack   'C:\\Users\\Drake\\Documents\\Projects\\bespoke-theme-sea' ]
13 verbose tarball C:\Users\Drake\AppData\Roaming\npm-cache\bespoke-theme-sea\0.1.0\package.tgz
14 verbose folder C:\Users\Drake\Documents\Projects\bespoke-theme-sea
15 verbose addLocalTarball adding from inside cache C:\Users\Drake\AppData\Roaming\npm-cache\bespoke-theme-sea\0.1.0\package.tgz
16 verbose correctMkdir C:\Users\Drake\AppData\Roaming\npm-cache correctMkdir not in flight; initializing
17 silly cache afterAdd bespoke-theme-sea@0.1.0
18 verbose afterAdd C:\Users\Drake\AppData\Roaming\npm-cache\bespoke-theme-sea\0.1.0\package\package.json not in flight; writing
19 verbose correctMkdir C:\Users\Drake\AppData\Roaming\npm-cache correctMkdir not in flight; initializing
20 verbose afterAdd C:\Users\Drake\AppData\Roaming\npm-cache\bespoke-theme-sea\0.1.0\package\package.json written
21 silly publish { name: 'bespoke-theme-sea',
21 silly publish   version: '0.1.0',
21 silly publish   description: 'A theme as blue as the sea for Bespoke.js',
21 silly publish   homepage: 'https://github.com/frncsdrk/bespoke-theme-sea',
21 silly publish   bugs: { url: 'https://github.com/frncsdrk/bespoke-theme-sea/issues' },
21 silly publish   author: { url: 'https://github.com/frncsdrk' },
21 silly publish   main: './dist/bespoke-theme-sea.js',
21 silly publish   repository:
21 silly publish    { type: 'git',
21 silly publish      url: 'git://github.com/frncsdrk/bespoke-theme-sea.git' },
21 silly publish   scripts: { test: 'gulp' },
21 silly publish   peerDependencies: { bespoke: '>=1.0.0' },
21 silly publish   devDependencies:
21 silly publish    { bespoke: '^1.0.0',
21 silly publish      'bespoke-backdrop': '^1.0.0',
21 silly publish      'bespoke-bullets': '^1.0.0',
21 silly publish      'bespoke-classes': '^1.0.0',
21 silly publish      'bespoke-keys': '^1.0.0',
21 silly publish      'bespoke-progress': '^1.0.0',
21 silly publish      'bespoke-scale': '^1.0.0',
21 silly publish      'bespoke-touch': '^1.0.0',
21 silly publish      brfs: '^1.1.1',
21 silly publish      browserify: '^4.1.5',
21 silly publish      'function-bind': '^0.1.0',
21 silly publish      'gh-pages': '^0.2.0',
21 silly publish      gulp: '^3.5.1',
21 silly publish      'gulp-autoprefixer': '^1.0.1',
21 silly publish      'gulp-browserify': '^0.5.0',
21 silly publish      'gulp-clean': '^0.2.4',
21 silly publish      'gulp-connect': '^2.0.5',
21 silly publish      'gulp-csso': '^0.2.9',
21 silly publish      'gulp-header': '^1.0.2',
21 silly publish      'gulp-jade': '^0.6.1',
21 silly publish      'gulp-plumber': '^0.6.3',
21 silly publish      'gulp-rename': '^1.2.0',
21 silly publish      'gulp-stylus': '^1.0.2',
21 silly publish      'gulp-uglify': '^0.3.0',
21 silly publish      'gulp-util': '^2.2.19',
21 silly publish      'insert-css': '^0.2.0',
21 silly publish      lodash: '^2.4.1',
21 silly publish      normalizecss: '^3.0.0',
21 silly publish      opn: '^0.1.2',
21 silly publish      through: '^2.3.4' },
21 silly publish   engines: { node: '>=0.10.0' },
21 silly publish   licenses: [ { type: 'MIT' } ],
21 silly publish   keywords: [ 'bespoke-plugin', 'bespoke-theme' ],
21 silly publish   dependencies: {},
21 silly publish   readme: '[![Build Status](https://secure.travis-ci.org/frncsdrk/bespoke-theme-sea.png?branch=master)](https://travis-ci.org/frncsdrk/bespoke-theme-sea)\r\n\r\n# bespoke-theme-sea\r\n\r\nA theme as blue as the sea for [Bespoke.js](http://markdalgleish.com/projects/bespoke.js) &mdash; [View demo](http://frncsdrk.github.io/bespoke-theme-sea)\r\n\r\n## Download\r\n\r\nDownload the [production version][min] or the [development version][max], or use a [package manager](#package-managers).\r\n\r\n[min]: https://raw.github.com/frncsdrk/bespoke-theme-sea/master/dist/bespoke-theme-sea.min.js\r\n[max]: https://raw.github.com/frncsdrk/bespoke-theme-sea/master/dist/bespoke-theme-sea.js\r\n\r\n## Usage\r\n\r\nThis theme is shipped in a [UMD format](https://github.com/umdjs/umd), meaning that it is available as a CommonJS/AMD module or browser global.\r\n\r\nFor example, when using CommonJS modules:\r\n\r\n```js\r\nvar bespoke = require(\'bespoke\'),\r\n  sea = require(\'bespoke-theme-sea\');\r\n\r\nbespoke.from(\'#presentation\', [\r\n  sea()\r\n]);\r\n```\r\n\r\nWhen using browser globals:\r\n\r\n```js\r\nbespoke.from(\'#presentation\', [\r\n  bespoke.themes.sea()\r\n]);\r\n```\r\n\r\n## Package managers\r\n\r\n### npm\r\n\r\n```bash\r\n$ npm install bespoke-theme-sea\r\n```\r\n\r\n### Bower\r\n\r\n```bash\r\n$ bower install bespoke-theme-sea\r\n```\r\n\r\n## Credits\r\n\r\nThis theme was built with [generator-bespoketheme](https://github.com/markdalgleish/generator-bespoketheme).\r\n\r\n## License\r\n\r\n[MIT License](http://en.wikipedia.org/wiki/MIT_License)\r\n',
21 silly publish   readmeFilename: 'README.md',
21 silly publish   gitHead: '0f4117cd6e9ae868184affeced7be52287936f68',
21 silly publish   _id: 'bespoke-theme-sea@0.1.0',
21 silly publish   _shasum: '4c179d433fcb0a5b30ca8455d899d3dee778bffa',
21 silly publish   _from: '.' }
22 verbose getPublishConfig undefined
23 silly mapToRegistry name bespoke-theme-sea
24 silly mapToRegistry using default registry
25 silly mapToRegistry registry https://registry.npmjs.org/
26 silly mapToRegistry data Result {
26 silly mapToRegistry   raw: 'bespoke-theme-sea',
26 silly mapToRegistry   scope: null,
26 silly mapToRegistry   name: 'bespoke-theme-sea',
26 silly mapToRegistry   rawSpec: '',
26 silly mapToRegistry   spec: 'latest',
26 silly mapToRegistry   type: 'tag' }
27 silly mapToRegistry uri https://registry.npmjs.org/bespoke-theme-sea
28 verbose publish registryBase https://registry.npmjs.org/
29 silly publish uploading C:\Users\Drake\AppData\Roaming\npm-cache\bespoke-theme-sea\0.1.0\package.tgz
30 verbose request uri https://registry.npmjs.org/bespoke-theme-sea
31 verbose request sending authorization for write operation
32 info attempt registry request try #1 at 22:51:52
33 verbose request using bearer token for auth
34 verbose request id bf5657b517840521
35 http request PUT https://registry.npmjs.org/bespoke-theme-sea
36 http 403 https://registry.npmjs.org/bespoke-theme-sea
37 verbose headers { 'content-type': 'application/json',
37 verbose headers   'cache-control': 'max-age=300',
37 verbose headers   'content-length': '95',
37 verbose headers   'accept-ranges': 'bytes',
37 verbose headers   date: 'Sat, 04 Jun 2016 20:51:17 GMT',
37 verbose headers   via: '1.1 varnish',
37 verbose headers   connection: 'keep-alive',
37 verbose headers   'x-served-by': 'cache-ams4134-AMS',
37 verbose headers   'x-cache': 'MISS',
37 verbose headers   'x-cache-hits': '0',
37 verbose headers   'x-timer': 'S1465073475.854127,VS0,VE1333',
37 verbose headers   vary: 'Accept-Encoding' }
38 verbose request invalidating C:\Users\Drake\AppData\Roaming\npm-cache\registry.npmjs.org\bespoke-theme-sea on PUT
39 error publish Failed PUT 403
40 verbose stack Error: "You cannot publish over the previously published version 0.1.0." : bespoke-theme-sea
40 verbose stack     at makeError (D:\Programs\nodejs\node_modules\npm\node_modules\npm-registry-client\lib\request.js:264:12)
40 verbose stack     at CachingRegistryClient.<anonymous> (D:\Programs\nodejs\node_modules\npm\node_modules\npm-registry-client\lib\request.js:252:14)
40 verbose stack     at Request._callback (D:\Programs\nodejs\node_modules\npm\node_modules\npm-registry-client\lib\request.js:172:14)
40 verbose stack     at Request.self.callback (D:\Programs\nodejs\node_modules\npm\node_modules\request\request.js:200:22)
40 verbose stack     at emitTwo (events.js:106:13)
40 verbose stack     at Request.emit (events.js:191:7)
40 verbose stack     at Request.<anonymous> (D:\Programs\nodejs\node_modules\npm\node_modules\request\request.js:1067:10)
40 verbose stack     at emitOne (events.js:101:20)
40 verbose stack     at Request.emit (events.js:188:7)
40 verbose stack     at IncomingMessage.<anonymous> (D:\Programs\nodejs\node_modules\npm\node_modules\request\request.js:988:12)
41 verbose statusCode 403
42 verbose pkgid bespoke-theme-sea
43 verbose cwd C:\Users\Drake\Documents\Projects\bespoke-theme-sea
44 error Windows_NT 10.0.10586
45 error argv "D:\\Programs\\nodejs\\node.exe" "D:\\Programs\\nodejs\\node_modules\\npm\\bin\\npm-cli.js" "publish"
46 error node v6.2.1
47 error npm  v3.9.3
48 error code E403
49 error "You cannot publish over the previously published version 0.1.0." : bespoke-theme-sea
50 error If you need help, you may report this error at:
50 error     <https://github.com/npm/npm/issues>
51 verbose exit [ 1, true ]
